c:\users\xavi\source\repos\cppnd-capstone-snake-game\debug\vc142.pdb
c:\users\xavi\source\repos\cppnd-capstone-snake-game\debug\snake.obj
c:\users\xavi\source\repos\cppnd-capstone-snake-game\debug\renderer.obj
c:\users\xavi\source\repos\cppnd-capstone-snake-game\debug\main.obj
c:\users\xavi\source\repos\cppnd-capstone-snake-game\debug\game.obj
c:\users\xavi\source\repos\cppnd-capstone-snake-game\debug\controller.obj
c:\users\xavi\source\repos\cppnd-capstone-snake-game\debug\capstone_xavi.pdb
c:\users\xavi\source\repos\cppnd-capstone-snake-game\debug\capstone_xavi.tlog\cl.command.1.tlog
c:\users\xavi\source\repos\cppnd-capstone-snake-game\debug\capstone_xavi.tlog\cl.read.1.tlog
c:\users\xavi\source\repos\cppnd-capstone-snake-game\debug\capstone_xavi.tlog\cl.write.1.tlog
c:\users\xavi\source\repos\cppnd-capstone-snake-game\debug\capstone_xavi.tlog\link-cvtres.read.1.tlog
c:\users\xavi\source\repos\cppnd-capstone-snake-game\debug\capstone_xavi.tlog\link-cvtres.write.1.tlog
c:\users\xavi\source\repos\cppnd-capstone-snake-game\debug\capstone_xavi.tlog\link-rc.read.1.tlog
c:\users\xavi\source\repos\cppnd-capstone-snake-game\debug\capstone_xavi.tlog\link-rc.write.1.tlog
c:\users\xavi\source\repos\cppnd-capstone-snake-game\debug\capstone_xavi.tlog\link.16592-cvtres.read.1.tlog
c:\users\xavi\source\repos\cppnd-capstone-snake-game\debug\capstone_xavi.tlog\link.16592-cvtres.write.1.tlog
c:\users\xavi\source\repos\cppnd-capstone-snake-game\debug\capstone_xavi.tlog\link.16592-rc.read.1.tlog
c:\users\xavi\source\repos\cppnd-capstone-snake-game\debug\capstone_xavi.tlog\link.16592-rc.write.1.tlog
c:\users\xavi\source\repos\cppnd-capstone-snake-game\debug\capstone_xavi.tlog\link.16592.read.1.tlog
c:\users\xavi\source\repos\cppnd-capstone-snake-game\debug\capstone_xavi.tlog\link.16592.write.1.tlog
c:\users\xavi\source\repos\cppnd-capstone-snake-game\debug\capstone_xavi.tlog\link.command.1.tlog
c:\users\xavi\source\repos\cppnd-capstone-snake-game\debug\capstone_xavi.tlog\link.read.1.tlog
c:\users\xavi\source\repos\cppnd-capstone-snake-game\debug\capstone_xavi.tlog\link.write.1.tlog
