  controller.cpp
C:\Users\XAVI\source\repos\CppND-Capstone-Snake-Game\src\snake.h(14,15): warning C4244: 'initializing': conversion from 'int' to 'float', possible loss of data
C:\Users\XAVI\source\repos\CppND-Capstone-Snake-Game\src\snake.h(15,15): warning C4244: 'initializing': conversion from 'int' to 'float', possible loss of data
  game.cpp
C:\Users\XAVI\source\repos\CppND-Capstone-Snake-Game\src\snake.h(14,15): warning C4244: 'initializing': conversion from 'int' to 'float', possible loss of data
C:\Users\XAVI\source\repos\CppND-Capstone-Snake-Game\src\snake.h(15,15): warning C4244: 'initializing': conversion from 'int' to 'float', possible loss of data
C:\Users\XAVI\source\repos\CppND-Capstone-Snake-Game\src\game.cpp(82,24): warning C4305: '+=': truncation from 'double' to 'float'
  main.cpp
C:\Users\XAVI\source\repos\CppND-Capstone-Snake-Game\src\snake.h(14,15): warning C4244: 'initializing': conversion from 'int' to 'float', possible loss of data
C:\Users\XAVI\source\repos\CppND-Capstone-Snake-Game\src\snake.h(15,15): warning C4244: 'initializing': conversion from 'int' to 'float', possible loss of data
  renderer.cpp
C:\Users\XAVI\source\repos\CppND-Capstone-Snake-Game\src\snake.h(14,15): warning C4244: 'initializing': conversion from 'int' to 'float', possible loss of data
C:\Users\XAVI\source\repos\CppND-Capstone-Snake-Game\src\snake.h(15,15): warning C4244: 'initializing': conversion from 'int' to 'float', possible loss of data
  snake.cpp
C:\Users\XAVI\source\repos\CppND-Capstone-Snake-Game\src\snake.h(14,15): warning C4244: 'initializing': conversion from 'int' to 'float', possible loss of data
C:\Users\XAVI\source\repos\CppND-Capstone-Snake-Game\src\snake.h(15,15): warning C4244: 'initializing': conversion from 'int' to 'float', possible loss of data
C:\Users\XAVI\source\repos\CppND-Capstone-Snake-Game\src\snake.cpp(42,16): warning C4244: '=': conversion from 'double' to 'float', possible loss of data
C:\Users\XAVI\source\repos\CppND-Capstone-Snake-Game\src\snake.cpp(43,16): warning C4244: '=': conversion from 'double' to 'float', possible loss of data
  Generating Code...
  Capstone_Xavi.vcxproj -> C:\Users\XAVI\Source\Repos\CppND-Capstone-Snake-Game\Debug\Capstone_Xavi.exe
